mode: atomic
kafka-from-scratch/internal/message/message.go:15.70,16.19 1 0
kafka-from-scratch/internal/message/message.go:16.19,18.3 1 0
kafka-from-scratch/internal/message/message.go:20.2,27.21 2 0
kafka-from-scratch/internal/message/message.go:30.52,39.2 6 0
kafka-from-scratch/internal/message/message.go:47.58,55.2 5 0
kafka-from-scratch/internal/message/message.go:57.73,58.19 1 0
kafka-from-scratch/internal/message/message.go:58.19,60.3 1 0
kafka-from-scratch/internal/message/message.go:62.2,68.21 2 0
kafka-from-scratch/internal/message/message.go:81.59,82.19 1 0
kafka-from-scratch/internal/message/message.go:82.19,84.3 1 0
kafka-from-scratch/internal/message/message.go:86.2,96.21 2 0
kafka-from-scratch/internal/message/message.go:99.51,111.2 9 0
kafka-from-scratch/server/server.go:26.36,31.2 1 0
kafka-from-scratch/server/server.go:33.51,35.16 2 0
kafka-from-scratch/server/server.go:35.16,37.3 1 0
kafka-from-scratch/server/server.go:38.2,44.12 4 0
kafka-from-scratch/server/server.go:47.38,48.6 1 0
kafka-from-scratch/server/server.go:48.6,50.50 2 0
kafka-from-scratch/server/server.go:50.50,53.4 2 0
kafka-from-scratch/server/server.go:55.3,55.17 1 0
kafka-from-scratch/server/server.go:55.17,57.12 2 0
kafka-from-scratch/server/server.go:60.3,62.31 2 0
kafka-from-scratch/server/server.go:66.51,71.2 3 0
kafka-from-scratch/server/server.go:73.47,78.6 1 0
kafka-from-scratch/server/server.go:78.6,79.10 1 0
kafka-from-scratch/server/server.go:80.44,81.11 1 0
kafka-from-scratch/server/server.go:81.11,83.16 2 0
kafka-from-scratch/server/server.go:86.4,87.18 2 0
kafka-from-scratch/server/server.go:87.18,91.5 3 0
kafka-from-scratch/server/server.go:93.4,95.38 2 0
kafka-from-scratch/server/server.go:95.38,103.19 3 0
kafka-from-scratch/server/server.go:103.19,107.6 3 0
kafka-from-scratch/server/server.go:109.5,109.22 1 0
kafka-from-scratch/server/server.go:110.10,122.19 3 0
kafka-from-scratch/server/server.go:122.19,126.6 3 0
kafka-from-scratch/server/server.go:128.5,129.26 2 0
kafka-from-scratch/server/server.go:135.55,140.2 4 0
kafka-from-scratch/server/server.go:142.56,144.6 1 0
kafka-from-scratch/server/server.go:144.6,145.10 1 0
kafka-from-scratch/server/server.go:146.42,147.11 1 0
kafka-from-scratch/server/server.go:147.11,149.16 2 0
kafka-from-scratch/server/server.go:152.4,152.24 1 0
kafka-from-scratch/server/server.go:153.21,154.10 1 0
kafka-from-scratch/server/server.go:159.32,163.2 1 0
kafka-from-scratch/internal/peer/peer.go:20.91,26.2 1 0
kafka-from-scratch/internal/peer/peer.go:28.47,33.2 3 0
kafka-from-scratch/internal/peer/peer.go:35.30,40.2 4 0
kafka-from-scratch/internal/peer/peer.go:42.23,45.6 2 0
kafka-from-scratch/internal/peer/peer.go:45.6,49.34 3 0
kafka-from-scratch/internal/peer/peer.go:49.34,52.4 2 0
kafka-from-scratch/internal/peer/peer.go:54.3,54.50 1 0
kafka-from-scratch/internal/peer/peer.go:54.50,58.4 3 0
kafka-from-scratch/internal/peer/peer.go:60.3,60.54 1 0
kafka-from-scratch/internal/peer/peer.go:60.54,64.4 3 0
kafka-from-scratch/internal/peer/peer.go:66.3,66.17 1 0
kafka-from-scratch/internal/peer/peer.go:66.17,69.4 2 0
kafka-from-scratch/internal/peer/peer.go:71.3,78.29 4 0
kafka-from-scratch/internal/peer/peer.go:82.46,84.2 1 0
kafka-from-scratch/internal/peer/peer.go:86.38,88.2 1 0
kafka-from-scratch/internal/message/message.go:15.70,16.19 1 42
kafka-from-scratch/internal/message/message.go:16.19,18.3 1 0
kafka-from-scratch/internal/message/message.go:20.2,27.21 2 42
kafka-from-scratch/internal/message/message.go:30.52,39.2 6 42
kafka-from-scratch/internal/message/message.go:47.58,55.2 5 1
kafka-from-scratch/internal/message/message.go:57.73,58.19 1 1
kafka-from-scratch/internal/message/message.go:58.19,60.3 1 0
kafka-from-scratch/internal/message/message.go:62.2,68.21 2 1
kafka-from-scratch/internal/message/message.go:81.59,82.19 1 41
kafka-from-scratch/internal/message/message.go:82.19,84.3 1 0
kafka-from-scratch/internal/message/message.go:86.2,96.21 2 41
kafka-from-scratch/internal/message/message.go:99.51,111.2 9 41
kafka-from-scratch/internal/peer/peer.go:20.91,26.2 1 23
kafka-from-scratch/internal/peer/peer.go:28.47,33.2 3 42
kafka-from-scratch/internal/peer/peer.go:35.30,40.2 4 0
kafka-from-scratch/internal/peer/peer.go:42.23,45.6 2 23
kafka-from-scratch/internal/peer/peer.go:45.6,49.34 3 65
kafka-from-scratch/internal/peer/peer.go:49.34,52.4 2 0
kafka-from-scratch/internal/peer/peer.go:54.3,54.50 1 42
kafka-from-scratch/internal/peer/peer.go:54.50,58.4 3 0
kafka-from-scratch/internal/peer/peer.go:60.3,60.54 1 42
kafka-from-scratch/internal/peer/peer.go:60.54,64.4 3 0
kafka-from-scratch/internal/peer/peer.go:66.3,66.17 1 42
kafka-from-scratch/internal/peer/peer.go:66.17,69.4 2 0
kafka-from-scratch/internal/peer/peer.go:71.3,78.29 4 42
kafka-from-scratch/internal/peer/peer.go:82.46,84.2 1 65
kafka-from-scratch/internal/peer/peer.go:86.38,88.2 1 0
kafka-from-scratch/server/server.go:26.36,31.2 1 1
kafka-from-scratch/server/server.go:33.51,35.16 2 1
kafka-from-scratch/server/server.go:35.16,37.3 1 0
kafka-from-scratch/server/server.go:38.2,44.12 4 1
kafka-from-scratch/server/server.go:47.38,48.6 1 1
kafka-from-scratch/server/server.go:48.6,50.50 2 24
kafka-from-scratch/server/server.go:50.50,53.4 2 1
kafka-from-scratch/server/server.go:55.3,55.17 1 23
kafka-from-scratch/server/server.go:55.17,57.12 2 0
kafka-from-scratch/server/server.go:60.3,62.31 2 23
kafka-from-scratch/server/server.go:66.51,71.2 3 23
kafka-from-scratch/server/server.go:73.47,78.6 1 23
kafka-from-scratch/server/server.go:78.6,79.10 1 65
kafka-from-scratch/server/server.go:80.44,81.11 1 42
kafka-from-scratch/server/server.go:81.11,83.16 2 0
kafka-from-scratch/server/server.go:86.4,87.18 2 42
kafka-from-scratch/server/server.go:87.18,91.5 3 0
kafka-from-scratch/server/server.go:93.4,95.38 2 42
kafka-from-scratch/server/server.go:95.38,103.19 3 1
kafka-from-scratch/server/server.go:103.19,107.6 3 0
kafka-from-scratch/server/server.go:109.5,109.22 1 1
kafka-from-scratch/server/server.go:110.10,122.19 3 41
kafka-from-scratch/server/server.go:122.19,126.6 3 0
kafka-from-scratch/server/server.go:128.5,129.26 2 41
kafka-from-scratch/server/server.go:135.55,140.2 4 23
kafka-from-scratch/server/server.go:142.56,144.6 1 1
kafka-from-scratch/server/server.go:144.6,145.10 1 1
kafka-from-scratch/server/server.go:146.42,147.11 1 0
kafka-from-scratch/server/server.go:147.11,149.16 2 0
kafka-from-scratch/server/server.go:152.4,152.24 1 0
kafka-from-scratch/server/server.go:153.21,154.10 1 0
kafka-from-scratch/server/server.go:159.32,163.2 1 1
